生成启动时间为 2016/11/3 星期四 10:17:25。
     1>项目“C:\Users\Administrator\Desktop\fileConvert\fileConvert.vcxproj”在节点 2 上(Build 个目标)。
     1>CustomBuild:
         Moc'ing convertWidget.h...
         Uic'ing src\convertWidgetClass.ui...
         Rcc'ing res\fileConvert.qrc...
       ClCompile:
         D:\Program Files (x86)\Microsoft Visual Studio 12.0\VC\bin\CL.exe /c /Isrc /Ilibxl /I.\GeneratedFiles /I. /IC:\Qt\Qt5.5.1MSVC\5.5\msvc2013\include /I.\GeneratedFiles\Debug /IC:\Qt\Qt5.5.1MSVC\5.5\msvc2013\include\QtCore /IC:\Qt\Qt5.5.1MSVC\5.5\msvc2013\include\QtGui /IC:\Qt\Qt5.5.1MSVC\5.5\msvc2013\include\QtWidgets /IC:\Qt\Qt5.5.1MSVC\5.5\msvc2013\include\QtXml /Zi /nologo /W1 /WX- /Od /Oy- /D UNICODE /D _UNICODE /D WIN32 /D WIN64 /D QT_DLL /D QT_CORE_LIB /D QT_GUI_LIB /D QT_WIDGETS_LIB /D QT_XML_LIB /Gm- /EHsc /MDd /GS /fp:precise /Zc:wchar_t /Zc:forScope /Fo"Debug\\" /Fd"Debug\vc120.pdb" /Gd /TP /analyze- /errorReport:prompt GeneratedFiles\Debug\moc_convertWidget.cpp src\convertWidget.cpp src\excelHandler.cpp src\excelToQm.cpp src\main.cpp src\numerus.cpp src\parseSln.cpp src\parseUI.cpp
         moc_convertWidget.cpp
         convertWidget.cpp
         excelHandler.cpp
         excelToQm.cpp
         main.cpp
         numerus.cpp
         parseSln.cpp
         parseUI.cpp
         正在生成代码...
         D:\Program Files (x86)\Microsoft Visual Studio 12.0\VC\bin\CL.exe /c /Isrc /Ilibxl /I.\GeneratedFiles /I. /IC:\Qt\Qt5.5.1MSVC\5.5\msvc2013\include /I.\GeneratedFiles\Debug /IC:\Qt\Qt5.5.1MSVC\5.5\msvc2013\include\QtCore /IC:\Qt\Qt5.5.1MSVC\5.5\msvc2013\include\QtGui /IC:\Qt\Qt5.5.1MSVC\5.5\msvc2013\include\QtWidgets /IC:\Qt\Qt5.5.1MSVC\5.5\msvc2013\include\QtXml /Zi /nologo /W1 /WX- /Od /Oy- /D UNICODE /D _UNICODE /D WIN32 /D WIN64 /D QT_DLL /D QT_CORE_LIB /D QT_GUI_LIB /D QT_WIDGETS_LIB /D QT_XML_LIB /Gm- /EHsc /MDd /GS /fp:precise /Zc:wchar_t /Zc:forScope /Fo"Debug\\" /Fd"Debug\vc120.pdb" /Gd /TP /analyze- /errorReport:prompt GeneratedFiles\qrc_fileConvert.cpp
         qrc_fileConvert.cpp
       Link:
         D:\Program Files (x86)\Microsoft Visual Studio 12.0\VC\bin\link.exe /ERRORREPORT:PROMPT /OUT:"bin\FileConvert.exe" /NOLOGO /LIBPATH:lib\ /LIBPATH:C:\Qt\Qt5.5.1MSVC\5.5\msvc2013\lib qtmaind.lib Qt5Cored.lib Qt5Guid.lib Qt5Widgetsd.lib Qt5Xmld.lib libxl.lib kernel32.lib user32.lib gdi32.lib winspool.lib comdlg32.lib advapi32.lib shell32.lib ole32.lib oleaut32.lib uuid.lib odbc32.lib odbccp32.lib /MANIFEST /MANIFESTUAC:"level='asInvoker' uiAccess='false'" /manifest:embed /DEBUG /PDB:"bin\FileConvert.pdb" /SUBSYSTEM:WINDOWS /TLBID:1 /DYNAMICBASE /NXCOMPAT /IMPLIB:"bin\FileConvert.lib" /MACHINE:X86 /SAFESEH Debug\moc_convertWidget.obj
         Debug\qrc_fileConvert.obj
         Debug\convertWidget.obj
         Debug\excelHandler.obj
         Debug\excelToQm.obj
         Debug\main.obj
         Debug\numerus.obj
         Debug\parseSln.obj
         Debug\parseUI.obj
         fileConvert.vcxproj -> C:\Users\Administrator\Desktop\fileConvert\bin\FileConvert.exe
     1>已完成生成项目“C:\Users\Administrator\Desktop\fileConvert\fileConvert.vcxproj”(Build 个目标)的操作。

生成成功。

已用时间 00:00:13.64
